
    
<-<-<================================================================================>->->
    File generated by leekslazylogger v2.0.7 by eartharoid (http://leeks.js.org/logger)
    DiscordTickets | Log File
    Tuesday, 4th May 2021, 04:39 am (Europe/Istanbul) -->
    Node: v14.16.1 on 'Windows' | Time format: 'HH:mm:ss' | Date format: 'YYYY-MM-DD'
<-<-<================================================================================>->->


[04:39:32 | INFO] Using SQLite storage
[04:39:32 | INFO] > Loaded debug event
[04:39:32 | INFO] > Loaded error event
[04:39:32 | INFO] > Loaded message event
[04:39:32 | INFO] > Loaded messageDelete event
[04:39:32 | INFO] > Loaded messageReactionAdd event
[04:39:32 | INFO] > Loaded messageUpdate event
[04:39:32 | INFO] > Loaded rateLimit event
[04:39:32 | INFO] > Loaded ready event
[04:39:32 | INFO] > Loaded warn event
[04:39:32 | INFO] > Loaded -add command
[04:39:32 | INFO] > Loaded -close command
[04:39:32 | INFO] > Loaded -closeall command
[04:39:32 | INFO] > Loaded -delete command
[04:39:32 | INFO] > Loaded -help command
[04:39:32 | INFO] > Loaded -new command
[04:39:32 | INFO] > Loaded -panel command
[04:39:32 | INFO] > Loaded -remove command
[04:39:32 | INFO] > Loaded -rename command
[04:39:32 | INFO] > Loaded -stats command
[04:39:32 | INFO] > Loaded -tickets command
[04:39:32 | INFO] > Loaded -topic command
[04:39:32 | INFO] > Loaded -transcript command
[04:39:32 | INFO] > Loaded -transfer command
[04:39:32 | INFO] Loaded 9 events and 14 commands
[04:39:32 | WARN] An error was not caught
[04:39:32 | WARN] Uncaught Error [TOKEN_INVALID]: An invalid token was provided.
[04:39:32 | ERROR] Error [TOKEN_INVALID]: An invalid token was provided.
    at Client.login (C:\Users\semih\Desktop\bot-2\node_modules\discord.js\src\client\Client.js:206:52)
    at Object.<anonymous> (C:\Users\semih\Desktop\bot-2\src\index.js:174:8)
    at Module._compile (internal/modules/cjs/loader.js:1063:30)
    at Object.Module._extensions..js (internal/modules/cjs/loader.js:1092:10)
    at Module.load (internal/modules/cjs/loader.js:928:32)
    at Function.Module._load (internal/modules/cjs/loader.js:769:14)
    at Function.executeUserEntryPoint [as runMain] (internal/modules/run_main.js:72:12)
    at internal/main/run_main_module.js:17:47

    
<-<-<================================================================================>->->
    File generated by leekslazylogger v2.0.7 by eartharoid (http://leeks.js.org/logger)
    DiscordTickets | Log File
    Tuesday, 4th May 2021, 04:40 am (Europe/Istanbul) -->
    Node: v14.16.1 on 'Windows' | Time format: 'HH:mm:ss' | Date format: 'YYYY-MM-DD'
<-<-<================================================================================>->->


[04:40:20 | INFO] Using SQLite storage
[04:40:20 | INFO] > Loaded debug event
[04:40:20 | INFO] > Loaded error event
[04:40:20 | INFO] > Loaded message event
[04:40:20 | INFO] > Loaded messageDelete event
[04:40:20 | INFO] > Loaded messageReactionAdd event
[04:40:20 | INFO] > Loaded messageUpdate event
[04:40:20 | INFO] > Loaded rateLimit event
[04:40:20 | INFO] > Loaded ready event
[04:40:20 | INFO] > Loaded warn event
[04:40:20 | INFO] > Loaded -add command
[04:40:20 | INFO] > Loaded -close command
[04:40:20 | INFO] > Loaded -closeall command
[04:40:20 | INFO] > Loaded -delete command
[04:40:20 | INFO] > Loaded -help command
[04:40:20 | INFO] > Loaded -new command
[04:40:20 | INFO] > Loaded -panel command
[04:40:20 | INFO] > Loaded -remove command
[04:40:20 | INFO] > Loaded -rename command
[04:40:20 | INFO] > Loaded -stats command
[04:40:20 | INFO] > Loaded -tickets command
[04:40:20 | INFO] > Loaded -topic command
[04:40:20 | INFO] > Loaded -transcript command
[04:40:20 | INFO] > Loaded -transfer command
[04:40:20 | INFO] Loaded 9 events and 14 commands
[04:40:21 | INFO] Authenticated as Minona Kayıt#9103
[04:40:21 | WARN] An error was not caught
[04:40:21 | WARN] Uncaught TypeError: Cannot read property 'member' of undefined
[04:40:21 | ERROR] TypeError: Cannot read property 'member' of undefined
    at Object.execute (C:\Users\semih\Desktop\bot-2\src\events\ready.js:37:44)
    at Client.<anonymous> (C:\Users\semih\Desktop\bot-2\src\index.js:132:68)
    at Client.emit (events.js:315:20)
    at WebSocketManager.triggerClientReady (C:\Users\semih\Desktop\bot-2\node_modules\discord.js\src\client\websocket\WebSocketManager.js:431:17)
    at WebSocketManager.checkShardsReady (C:\Users\semih\Desktop\bot-2\node_modules\discord.js\src\client\websocket\WebSocketManager.js:415:10)
    at WebSocketShard.<anonymous> (C:\Users\semih\Desktop\bot-2\node_modules\discord.js\src\client\websocket\WebSocketManager.js:197:14)
    at WebSocketShard.emit (events.js:315:20)
    at WebSocketShard.checkReady (C:\Users\semih\Desktop\bot-2\node_modules\discord.js\src\client\websocket\WebSocketShard.js:475:12)
    at WebSocketShard.onPacket (C:\Users\semih\Desktop\bot-2\node_modules\discord.js\src\client\websocket\WebSocketShard.js:447:16)
    at WebSocketShard.onMessage (C:\Users\semih\Desktop\bot-2\node_modules\discord.js\src\client\websocket\WebSocketShard.js:301:10)

    
<-<-<================================================================================>->->
    File generated by leekslazylogger v2.0.7 by eartharoid (http://leeks.js.org/logger)
    DiscordTickets | Log File
    Tuesday, 4th May 2021, 04:42 am (Europe/Istanbul) -->
    Node: v14.16.1 on 'Windows' | Time format: 'HH:mm:ss' | Date format: 'YYYY-MM-DD'
<-<-<================================================================================>->->


[04:42:47 | INFO] Using SQLite storage
[04:42:47 | INFO] > Loaded debug event
[04:42:47 | INFO] > Loaded error event
[04:42:47 | INFO] > Loaded message event
[04:42:47 | INFO] > Loaded messageDelete event
[04:42:47 | INFO] > Loaded messageReactionAdd event
[04:42:47 | INFO] > Loaded messageUpdate event
[04:42:47 | INFO] > Loaded rateLimit event
[04:42:47 | INFO] > Loaded ready event
[04:42:47 | INFO] > Loaded warn event
[04:42:47 | INFO] > Loaded -add command
[04:42:47 | INFO] > Loaded -close command
[04:42:48 | INFO] > Loaded -closeall command
[04:42:48 | INFO] > Loaded -delete command
[04:42:48 | INFO] > Loaded -help command
[04:42:48 | INFO] > Loaded -new command
[04:42:48 | INFO] > Loaded -panel command
[04:42:48 | INFO] > Loaded -remove command
[04:42:48 | INFO] > Loaded -rename command
[04:42:48 | INFO] > Loaded -stats command
[04:42:48 | INFO] > Loaded -tickets command
[04:42:48 | INFO] > Loaded -topic command
[04:42:48 | INFO] > Loaded -transcript command
[04:42:48 | INFO] > Loaded -transfer command
[04:42:48 | INFO] Loaded 9 events and 14 commands
[04:42:49 | INFO] Authenticated as Minona Kayıt#9103
[04:42:49 | INFO] 'ADMINISTRATOR' permission has been granted
[04:43:23 | INFO] semh#1201 used the 'panel' command
[04:43:23 | INFO] semh#1201 created a panel widget
[04:43:30 | INFO] semh#1201 created a new ticket (#ticket-1) via panel
[04:43:55 | INFO] semh#1201 used the 'close' command
[04:43:57 | INFO] semh#1201 closed a ticket (#ticket-1)
[04:44:56 | INFO] semh#1201 used the 'panel' command
[04:44:56 | INFO] Deleted old panel
[04:44:56 | INFO] semh#1201 created a panel widget

    
<-<-<================================================================================>->->
    File generated by leekslazylogger v2.0.7 by eartharoid (http://leeks.js.org/logger)
    DiscordTickets | Log File
    Tuesday, 4th May 2021, 04:45 am (Europe/Istanbul) -->
    Node: v14.16.1 on 'Windows' | Time format: 'HH:mm:ss' | Date format: 'YYYY-MM-DD'
<-<-<================================================================================>->->


[04:45:37 | INFO] Using SQLite storage
[04:45:38 | INFO] > Loaded debug event
[04:45:38 | INFO] > Loaded error event
[04:45:38 | INFO] > Loaded message event
[04:45:38 | INFO] > Loaded messageDelete event
[04:45:38 | INFO] > Loaded messageReactionAdd event
[04:45:38 | INFO] > Loaded messageUpdate event
[04:45:38 | INFO] > Loaded rateLimit event
[04:45:38 | INFO] > Loaded ready event
[04:45:38 | INFO] > Loaded warn event
[04:45:38 | INFO] > Loaded -add command
[04:45:38 | INFO] > Loaded -close command
[04:45:38 | INFO] > Loaded -closeall command
[04:45:38 | INFO] > Loaded -delete command
[04:45:38 | INFO] > Loaded -help command
[04:45:38 | INFO] > Loaded -new command
[04:45:38 | INFO] > Loaded -panel command
[04:45:38 | INFO] > Loaded -remove command
[04:45:38 | INFO] > Loaded -rename command
[04:45:38 | INFO] > Loaded -stats command
[04:45:38 | INFO] > Loaded -tickets command
[04:45:38 | INFO] > Loaded -topic command
[04:45:38 | INFO] > Loaded -transcript command
[04:45:38 | INFO] > Loaded -transfer command
[04:45:38 | INFO] Loaded 9 events and 14 commands
[04:45:39 | INFO] Authenticated as Minona Kayıt#9103
[04:45:39 | INFO] 'ADMINISTRATOR' permission has been granted
[04:45:40 | INFO] semh#1201 used the 'panel' command
[04:45:40 | WARN] Couldn't delete old panel
[04:45:41 | INFO] semh#1201 created a panel widget

    
<-<-<================================================================================>->->
    File generated by leekslazylogger v2.0.7 by eartharoid (http://leeks.js.org/logger)
    Minona Roleplay | Log File
    Tuesday, 4th May 2021, 04:47 am (Europe/Istanbul) -->
    Node: v14.16.1 on 'Windows' | Time format: 'HH:mm:ss' | Date format: 'YYYY-MM-DD'
<-<-<================================================================================>->->


[04:47:59 | INFO] Using SQLite storage
[04:48:00 | INFO] > Loaded debug event
[04:48:00 | INFO] > Loaded error event
[04:48:00 | INFO] > Loaded message event
[04:48:00 | INFO] > Loaded messageDelete event
[04:48:00 | INFO] > Loaded messageReactionAdd event
[04:48:00 | INFO] > Loaded messageUpdate event
[04:48:00 | INFO] > Loaded rateLimit event
[04:48:00 | INFO] > Loaded ready event
[04:48:00 | INFO] > Loaded warn event
[04:48:00 | INFO] > Loaded -add command
[04:48:00 | INFO] > Loaded -close command
[04:48:00 | INFO] > Loaded -closeall command
[04:48:00 | INFO] > Loaded -delete command
[04:48:00 | INFO] > Loaded -help command
[04:48:00 | INFO] > Loaded -new command
[04:48:00 | INFO] > Loaded -panel command
[04:48:00 | INFO] > Loaded -remove command
[04:48:00 | INFO] > Loaded -rename command
[04:48:00 | INFO] > Loaded -stats command
[04:48:00 | INFO] > Loaded -tickets command
[04:48:00 | INFO] > Loaded -topic command
[04:48:00 | INFO] > Loaded -transcript command
[04:48:00 | INFO] > Loaded -transfer command
[04:48:00 | INFO] Loaded 9 events and 14 commands
[04:48:01 | INFO] Authenticated as Minona Kayıt#9103
[04:48:01 | INFO] 'ADMINISTRATOR' permission has been granted

    
<-<-<================================================================================>->->
    File generated by leekslazylogger v2.0.7 by eartharoid (http://leeks.js.org/logger)
    Minona Roleplay | Log File
    Tuesday, 4th May 2021, 04:48 am (Europe/Istanbul) -->
    Node: v14.16.1 on 'Windows' | Time format: 'HH:mm:ss' | Date format: 'YYYY-MM-DD'
<-<-<================================================================================>->->


[04:48:11 | INFO] Using SQLite storage
[04:48:11 | INFO] > Loaded debug event
[04:48:11 | INFO] > Loaded error event
[04:48:11 | INFO] > Loaded message event
[04:48:11 | INFO] > Loaded messageDelete event
[04:48:11 | INFO] > Loaded messageReactionAdd event
[04:48:11 | INFO] > Loaded messageUpdate event
[04:48:11 | INFO] > Loaded rateLimit event
[04:48:11 | INFO] > Loaded ready event
[04:48:11 | INFO] > Loaded warn event
[04:48:11 | INFO] > Loaded -add command
[04:48:11 | INFO] > Loaded -close command
[04:48:11 | INFO] > Loaded -closeall command
[04:48:11 | INFO] > Loaded -delete command
[04:48:11 | INFO] > Loaded -help command
[04:48:11 | INFO] > Loaded -new command
[04:48:11 | INFO] > Loaded -panel command
[04:48:11 | INFO] > Loaded -remove command
[04:48:11 | INFO] > Loaded -rename command
[04:48:11 | INFO] > Loaded -stats command
[04:48:11 | INFO] > Loaded -tickets command
[04:48:11 | INFO] > Loaded -topic command
[04:48:11 | INFO] > Loaded -transcript command
[04:48:11 | INFO] > Loaded -transfer command
[04:48:11 | INFO] Loaded 9 events and 14 commands
[04:48:12 | INFO] Authenticated as Minona Kayıt#9103
[04:48:12 | INFO] 'ADMINISTRATOR' permission has been granted
[04:48:14 | INFO] semh#1201 created a new ticket (#ticket-2) via panel
[04:48:32 | INFO] semh#1201 used the 'delete' command
[04:48:35 | INFO] semh#1201 deleted a ticket (#ticket-2)

    
<-<-<================================================================================>->->
    File generated by leekslazylogger v2.0.7 by eartharoid (http://leeks.js.org/logger)
    Minona Roleplay | Log File
    Tuesday, 4th May 2021, 04:50 am (Europe/Istanbul) -->
    Node: v14.16.1 on 'Windows' | Time format: 'HH:mm:ss' | Date format: 'YYYY-MM-DD'
<-<-<================================================================================>->->


[04:50:26 | INFO] Using SQLite storage
[04:50:26 | INFO] > Loaded debug event
[04:50:26 | INFO] > Loaded error event
[04:50:26 | INFO] > Loaded message event
[04:50:26 | INFO] > Loaded messageDelete event
[04:50:26 | INFO] > Loaded messageReactionAdd event
[04:50:26 | INFO] > Loaded messageUpdate event
[04:50:26 | INFO] > Loaded rateLimit event
[04:50:26 | INFO] > Loaded ready event
[04:50:26 | INFO] > Loaded warn event
[04:50:26 | INFO] > Loaded -add command
[04:50:26 | INFO] > Loaded -close command
[04:50:26 | INFO] > Loaded -closeall command
[04:50:26 | INFO] > Loaded -delete command
[04:50:26 | INFO] > Loaded -help command
[04:50:26 | INFO] > Loaded -new command
[04:50:26 | INFO] > Loaded -panel command
[04:50:26 | INFO] > Loaded -remove command
[04:50:26 | INFO] > Loaded -rename command
[04:50:26 | INFO] > Loaded -stats command
[04:50:26 | INFO] > Loaded -tickets command
[04:50:26 | INFO] > Loaded -topic command
[04:50:26 | INFO] > Loaded -transcript command
[04:50:26 | INFO] > Loaded -transfer command
[04:50:26 | INFO] Loaded 9 events and 14 commands
[04:50:28 | INFO] Authenticated as Minona Kayıt#9103
[04:50:28 | INFO] 'ADMINISTRATOR' permission has been granted

    
<-<-<================================================================================>->->
    File generated by leekslazylogger v2.0.7 by eartharoid (http://leeks.js.org/logger)
    Minona Roleplay | Log File
    Tuesday, 4th May 2021, 04:52 am (Europe/Istanbul) -->
    Node: v14.16.1 on 'Windows' | Time format: 'HH:mm:ss' | Date format: 'YYYY-MM-DD'
<-<-<================================================================================>->->


[04:52:03 | INFO] Using SQLite storage
[04:52:04 | INFO] > Loaded debug event
[04:52:04 | INFO] > Loaded error event
[04:52:04 | INFO] > Loaded message event
[04:52:04 | INFO] > Loaded messageDelete event
[04:52:04 | INFO] > Loaded messageReactionAdd event
[04:52:04 | INFO] > Loaded messageUpdate event
[04:52:04 | INFO] > Loaded rateLimit event
[04:52:04 | INFO] > Loaded ready event
[04:52:04 | INFO] > Loaded warn event
[04:52:04 | INFO] > Loaded -add command
[04:52:04 | INFO] > Loaded -close command
[04:52:04 | INFO] > Loaded -closeall command
[04:52:04 | INFO] > Loaded -delete command
[04:52:04 | INFO] > Loaded -help command
[04:52:04 | INFO] > Loaded -new command
[04:52:04 | INFO] > Loaded -panel command
[04:52:04 | INFO] > Loaded -remove command
[04:52:04 | INFO] > Loaded -rename command
[04:52:04 | INFO] > Loaded -stats command
[04:52:04 | INFO] > Loaded -tickets command
[04:52:04 | INFO] > Loaded -topic command
[04:52:04 | INFO] > Loaded -transcript command
[04:52:04 | INFO] > Loaded -transfer command
[04:52:04 | INFO] Loaded 9 events and 14 commands
[04:52:05 | INFO] Authenticated as Minona Kayıt#9103
[04:52:05 | INFO] 'ADMINISTRATOR' permission has been granted

    
<-<-<================================================================================>->->
    File generated by leekslazylogger v2.0.7 by eartharoid (http://leeks.js.org/logger)
    Minona Roleplay | Log File
    Tuesday, 4th May 2021, 04:52 am (Europe/Istanbul) -->
    Node: v14.16.1 on 'Windows' | Time format: 'HH:mm:ss' | Date format: 'YYYY-MM-DD'
<-<-<================================================================================>->->


[04:52:25 | INFO] Using SQLite storage
[04:52:26 | INFO] > Loaded debug event
[04:52:26 | INFO] > Loaded error event
[04:52:26 | INFO] > Loaded message event
[04:52:26 | INFO] > Loaded messageDelete event
[04:52:26 | INFO] > Loaded messageReactionAdd event
[04:52:26 | INFO] > Loaded messageUpdate event
[04:52:26 | INFO] > Loaded rateLimit event
[04:52:26 | INFO] > Loaded ready event
[04:52:26 | INFO] > Loaded warn event
[04:52:26 | INFO] > Loaded -add command
[04:52:26 | INFO] > Loaded -close command
[04:52:26 | INFO] > Loaded -closeall command
[04:52:26 | INFO] > Loaded -delete command
[04:52:26 | INFO] > Loaded -help command
[04:52:26 | INFO] > Loaded -new command
[04:52:26 | INFO] > Loaded -panel command
[04:52:26 | INFO] > Loaded -remove command
[04:52:26 | INFO] > Loaded -rename command
[04:52:26 | INFO] > Loaded -stats command
[04:52:26 | INFO] > Loaded -tickets command
[04:52:26 | INFO] > Loaded -topic command
[04:52:26 | INFO] > Loaded -transcript command
[04:52:26 | INFO] > Loaded -transfer command
[04:52:26 | INFO] Loaded 9 events and 14 commands
[04:52:27 | INFO] Authenticated as Minona Kayıt#9103
[04:52:27 | INFO] 'ADMINISTRATOR' permission has been granted

    
<-<-<================================================================================>->->
    File generated by leekslazylogger v2.0.7 by eartharoid (http://leeks.js.org/logger)
    Minona Roleplay | Log File
    Tuesday, 4th May 2021, 04:53 am (Europe/Istanbul) -->
    Node: v14.16.1 on 'Windows' | Time format: 'HH:mm:ss' | Date format: 'YYYY-MM-DD'
<-<-<================================================================================>->->


[04:53:54 | INFO] Using SQLite storage
[04:53:54 | INFO] > Loaded debug event
[04:53:54 | INFO] > Loaded error event
[04:53:54 | INFO] > Loaded message event
[04:53:54 | INFO] > Loaded messageDelete event
[04:53:54 | INFO] > Loaded messageReactionAdd event
[04:53:54 | INFO] > Loaded messageUpdate event
[04:53:54 | INFO] > Loaded rateLimit event
[04:53:54 | INFO] > Loaded ready event
[04:53:54 | INFO] > Loaded warn event
[04:53:54 | INFO] > Loaded -add command
[04:53:54 | INFO] > Loaded -close command
[04:53:54 | INFO] > Loaded -closeall command
[04:53:54 | INFO] > Loaded -delete command
[04:53:54 | INFO] > Loaded -help command
[04:53:54 | INFO] > Loaded -new command
[04:53:54 | INFO] > Loaded -panel command
[04:53:54 | INFO] > Loaded -remove command
[04:53:54 | INFO] > Loaded -rename command
[04:53:54 | INFO] > Loaded -stats command
[04:53:54 | INFO] > Loaded -tickets command
[04:53:54 | INFO] > Loaded -topic command
[04:53:54 | INFO] > Loaded -transcript command
[04:53:54 | INFO] > Loaded -transfer command
[04:53:54 | INFO] Loaded 9 events and 14 commands
[04:53:55 | INFO] Minona Kayıt#9103, ismi ile giriş yapıldı
[04:53:55 | INFO] 'ADMINISTRATOR' yetkisi bota verildi
[04:56:54 | INFO] semh#1201 created a new ticket (#ticket-3) via panel
[04:57:01 | INFO] semh#1201 used the 'delete' command
[04:57:03 | INFO] semh#1201 deleted a ticket (#ticket-3)

    
<-<-<================================================================================>->->
    File generated by leekslazylogger v2.0.7 by eartharoid (http://leeks.js.org/logger)
    Minona Roleplay | Log File
    Tuesday, 4th May 2021, 04:58 am (Europe/Istanbul) -->
    Node: v14.16.1 on 'Windows' | Time format: 'HH:mm:ss' | Date format: 'YYYY-MM-DD'
<-<-<================================================================================>->->


[04:58:58 | INFO] Using SQLite storage
[04:58:58 | INFO] > Loaded debug event
[04:58:58 | INFO] > Loaded error event
[04:58:58 | INFO] > Loaded message event
[04:58:58 | INFO] > Loaded messageDelete event
[04:58:58 | INFO] > Loaded messageReactionAdd event
[04:58:58 | INFO] > Loaded messageUpdate event
[04:58:58 | INFO] > Loaded rateLimit event
[04:58:58 | INFO] > Loaded ready event
[04:58:58 | INFO] > Loaded warn event
[04:58:58 | INFO] > Loaded -add command
[04:58:58 | INFO] > Loaded -close command
[04:58:58 | INFO] > Loaded -closeall command
[04:58:58 | INFO] > Loaded -delete command
[04:58:58 | INFO] > Loaded -help command
[04:58:58 | INFO] > Loaded -new command
[04:58:58 | INFO] > Loaded -panel command
[04:58:58 | INFO] > Loaded -remove command
[04:58:58 | INFO] > Loaded -rename command
[04:58:58 | INFO] > Loaded -stats command
[04:58:58 | INFO] > Loaded -tickets command
[04:58:58 | INFO] > Loaded -topic command
[04:58:58 | INFO] > Loaded -transcript command
[04:58:58 | INFO] > Loaded -transfer command
[04:58:58 | INFO] Loaded 9 events and 14 commands
[04:58:59 | INFO] Minona Kayıt#9103, ismi ile giriş yapıldı
[04:58:59 | INFO] 'ADMINISTRATOR' yetkisi bota verildi
[04:59:01 | INFO] semh#1201 yeni bir bilet oluşturdu (#ticket-4) via panel
[04:59:14 | INFO] semh#1201 used the 'delete' command
[04:59:16 | INFO] semh#1201 deleted a ticket (#ticket-4)
[05:01:08 | INFO] Received a DM from semh#1201: merhaaba

    
<-<-<================================================================================>->->
    File generated by leekslazylogger v2.0.7 by eartharoid (http://leeks.js.org/logger)
    Minona Roleplay | Log File
    Tuesday, 4th May 2021, 05:04 am (Europe/Istanbul) -->
    Node: v14.16.1 on 'Windows' | Time format: 'HH:mm:ss' | Date format: 'YYYY-MM-DD'
<-<-<================================================================================>->->


[05:04:27 | INFO] Using SQLite storage
[05:04:27 | INFO] > Loaded debug event
[05:04:27 | INFO] > Loaded error event
[05:04:27 | INFO] > Loaded message event
[05:04:27 | INFO] > Loaded messageDelete event
[05:04:27 | INFO] > Loaded messageReactionAdd event
[05:04:27 | INFO] > Loaded messageUpdate event
[05:04:27 | INFO] > Loaded rateLimit event
[05:04:27 | INFO] > Loaded ready event
[05:04:27 | INFO] > Loaded warn event
[05:04:27 | INFO] > Loaded -add command
[05:04:27 | INFO] > Loaded -close command
[05:04:27 | INFO] > Loaded -closeall command
[05:04:27 | INFO] > Loaded -delete command
[05:04:27 | INFO] > Loaded -help command
[05:04:27 | INFO] > Loaded -new command
[05:04:28 | INFO] > Loaded -panel command
[05:04:28 | INFO] > Loaded -remove command
[05:04:28 | INFO] > Loaded -rename command
[05:04:28 | INFO] > Loaded -stats command
[05:04:28 | INFO] > Loaded -tickets command
[05:04:28 | INFO] > Loaded -topic command
[05:04:28 | INFO] > Loaded -transcript command
[05:04:28 | INFO] > Loaded -transfer command
[05:04:28 | INFO] Loaded 9 events and 14 commands
[05:04:28 | INFO] Minona Kayıt#9103, ismi ile giriş yapıldı
[05:04:28 | INFO] 'ADMINISTRATOR' yetkisi bota verildi
[05:04:32 | INFO] Adlı kişiden bir DM alındı semh#1201: -help
[05:04:45 | INFO] semh#1201, 'help' komutunu kullandı

    
<-<-<================================================================================>->->
    File generated by leekslazylogger v2.0.7 by eartharoid (http://leeks.js.org/logger)
    Minona Roleplay | Log File
    Tuesday, 4th May 2021, 05:07 am (Europe/Istanbul) -->
    Node: v14.16.1 on 'Windows' | Time format: 'HH:mm:ss' | Date format: 'YYYY-MM-DD'
<-<-<================================================================================>->->


[05:07:24 | INFO] Using SQLite storage
[05:07:24 | INFO] > Loaded debug event
[05:07:24 | INFO] > Loaded error event
[05:07:24 | INFO] > Loaded message event
[05:07:24 | INFO] > Loaded messageDelete event
[05:07:24 | INFO] > Loaded messageReactionAdd event
[05:07:24 | INFO] > Loaded messageUpdate event
[05:07:24 | INFO] > Loaded rateLimit event
[05:07:24 | INFO] > Loaded ready event
[05:07:24 | INFO] > Loaded warn event
[05:07:24 | INFO] > Yüklendi -add komutu
[05:07:24 | INFO] > Yüklendi -close komutu
[05:07:24 | INFO] > Yüklendi -closeall komutu
[05:07:25 | INFO] > Yüklendi -delete komutu
[05:07:25 | INFO] > Yüklendi -help komutu
[05:07:25 | INFO] > Yüklendi -new komutu
[05:07:25 | INFO] > Yüklendi -panel komutu
[05:07:25 | INFO] > Yüklendi -remove komutu
[05:07:25 | INFO] > Yüklendi -rename komutu
[05:07:25 | INFO] > Yüklendi -stats komutu
[05:07:25 | INFO] > Yüklendi -tickets komutu
[05:07:25 | INFO] > Yüklendi -topic komutu
[05:07:25 | INFO] > Yüklendi -transcript komutu
[05:07:25 | INFO] > Yüklendi -transfer komutu
[05:07:25 | INFO] 9 olayları ve 14 komutları yüklendi
[05:07:26 | INFO] Minona Kayıt#9103, ismi ile giriş yapıldı
[05:07:26 | INFO] 'ADMINISTRATOR' yetkisi bota verildi

    
<-<-<================================================================================>->->
    File generated by leekslazylogger v2.0.7 by eartharoid (http://leeks.js.org/logger)
    Minona Roleplay | Log File
    Tuesday, 4th May 2021, 05:08 am (Europe/Istanbul) -->
    Node: v14.16.1 on 'Windows' | Time format: 'HH:mm:ss' | Date format: 'YYYY-MM-DD'
<-<-<================================================================================>->->


[05:08:45 | INFO] Using SQLite storage
[05:08:45 | INFO] > Loaded debug event
[05:08:45 | INFO] > Loaded error event
[05:08:45 | INFO] > Loaded message event
[05:08:45 | INFO] > Loaded messageDelete event
[05:08:45 | INFO] > Loaded messageReactionAdd event
[05:08:45 | INFO] > Loaded messageUpdate event
[05:08:45 | INFO] > Loaded rateLimit event
[05:08:45 | INFO] > Loaded ready event
[05:08:45 | INFO] > Loaded warn event
[05:08:45 | INFO] > Yüklendi -add komutu
[05:08:45 | INFO] > Yüklendi -close komutu
[05:08:45 | INFO] > Yüklendi -closeall komutu
[05:08:45 | INFO] > Yüklendi -delete komutu
[05:08:45 | INFO] > Yüklendi -help komutu
[05:08:45 | INFO] > Yüklendi -new komutu
[05:08:45 | INFO] > Yüklendi -panel komutu
[05:08:45 | INFO] > Yüklendi -remove komutu
[05:08:45 | INFO] > Yüklendi -rename komutu
[05:08:45 | INFO] > Yüklendi -stats komutu
[05:08:45 | INFO] > Yüklendi -tickets komutu
[05:08:45 | INFO] > Yüklendi -topic komutu
[05:08:45 | INFO] > Yüklendi -transcript komutu
[05:08:45 | INFO] > Yüklendi -transfer komutu
[05:08:45 | INFO] 9 olayları ve 14 komutları yüklendi
[05:08:46 | INFO] Minona Kayıt#9103, ismi ile giriş yapıldı
[05:08:46 | INFO] 'ADMINISTRATOR' yetkisi bota verildi
[05:08:47 | INFO] semh#1201, 'help' komutunu kullandı

    
<-<-<================================================================================>->->
    File generated by leekslazylogger v2.0.7 by eartharoid (http://leeks.js.org/logger)
    Minona Roleplay | Log File
    Tuesday, 4th May 2021, 05:09 am (Europe/Istanbul) -->
    Node: v14.16.1 on 'Windows' | Time format: 'HH:mm:ss' | Date format: 'YYYY-MM-DD'
<-<-<================================================================================>->->


[05:09:04 | INFO] Using SQLite storage
[05:09:05 | INFO] > Loaded debug event
[05:09:05 | INFO] > Loaded error event
[05:09:05 | INFO] > Loaded message event
[05:09:05 | INFO] > Loaded messageDelete event
[05:09:05 | INFO] > Loaded messageReactionAdd event
[05:09:05 | INFO] > Loaded messageUpdate event
[05:09:05 | INFO] > Loaded rateLimit event
[05:09:05 | INFO] > Loaded ready event
[05:09:05 | INFO] > Loaded warn event
[05:09:05 | INFO] > Yüklendi -add komutu
[05:09:05 | INFO] > Yüklendi -close komutu
[05:09:05 | INFO] > Yüklendi -closeall komutu
[05:09:05 | INFO] > Yüklendi -delete komutu
[05:09:05 | INFO] > Yüklendi -help komutu
[05:09:05 | INFO] > Yüklendi -new komutu
[05:09:05 | INFO] > Yüklendi -panel komutu
[05:09:05 | INFO] > Yüklendi -remove komutu
[05:09:05 | INFO] > Yüklendi -rename komutu
[05:09:05 | INFO] > Yüklendi -stats komutu
[05:09:05 | INFO] > Yüklendi -tickets komutu
[05:09:05 | INFO] > Yüklendi -topic komutu
[05:09:05 | INFO] > Yüklendi -transcript komutu
[05:09:05 | INFO] > Yüklendi -transfer komutu
[05:09:05 | INFO] 9 olayları ve 14 komutları yüklendi
[05:09:06 | INFO] Minona Kayıt#9103, ismi ile giriş yapıldı
[05:09:06 | INFO] 'ADMINISTRATOR' yetkisi bota verildi
[05:09:07 | INFO] semh#1201, 'help' komutunu kullandı

    
<-<-<================================================================================>->->
    File generated by leekslazylogger v2.0.7 by eartharoid (http://leeks.js.org/logger)
    Minona Roleplay | Log File
    Tuesday, 4th May 2021, 05:18 am (Europe/Istanbul) -->
    Node: v14.16.1 on 'Windows' | Time format: 'HH:mm:ss' | Date format: 'YYYY-MM-DD'
<-<-<================================================================================>->->


[05:18:38 | INFO] Using SQLite storage
[05:18:39 | INFO] > Loaded debug event
[05:18:39 | INFO] > Loaded error event
[05:18:39 | INFO] > Loaded message event
[05:18:39 | INFO] > Loaded messageDelete event
[05:18:39 | INFO] > Loaded messageReactionAdd event
[05:18:39 | INFO] > Loaded messageUpdate event
[05:18:39 | INFO] > Loaded rateLimit event
[05:18:39 | INFO] > Loaded ready event
[05:18:39 | INFO] > Loaded warn event
[05:18:39 | INFO] > Yüklendi -add komutu
[05:18:39 | INFO] > Yüklendi -close komutu
[05:18:39 | INFO] > Yüklendi -closeall komutu
[05:18:39 | INFO] > Yüklendi -delete komutu
[05:18:39 | INFO] > Yüklendi -help komutu
[05:18:39 | INFO] > Yüklendi -new komutu
[05:18:39 | INFO] > Yüklendi -panel komutu
[05:18:39 | INFO] > Yüklendi -remove komutu
[05:18:39 | INFO] > Yüklendi -rename komutu
[05:18:39 | INFO] > Yüklendi -stats komutu
[05:18:39 | INFO] > Yüklendi -tickets komutu
[05:18:39 | INFO] > Yüklendi -topic komutu
[05:18:39 | INFO] > Yüklendi -transcript komutu
[05:18:39 | INFO] > Yüklendi -transfer komutu
[05:18:39 | INFO] 9 olayları ve 14 komutları yüklendi
[05:18:40 | INFO] Minona Kayıt#9103, ismi ile giriş yapıldı
[05:18:40 | INFO] 'ADMINISTRATOR' yetkisi bota verildi
[05:18:45 | INFO] semh#1201 yeni bir bilet oluşturdu (#ticket-5) via panel
[05:19:09 | INFO] semh#1201, 'close' komutunu kullandı
[05:19:14 | INFO] semh#1201 ticket'ı kapattı (#ticket-5)
[05:21:25 | INFO] semh#1201, 'stats' komutunu kullandı
[05:21:38 | INFO] semh#1201, 'transcript' komutunu kullandı
[05:28:33 | INFO] semh#1201, 'closeall' komutunu kullandı
[05:30:51 | INFO] semh#1201 yeni bir bilet oluşturdu (#ticket-6) via panel
[05:31:00 | INFO] semh#1201, 'rename' komutunu kullandı
[05:31:10 | INFO] semh#1201, 'delete' komutunu kullandı
[05:31:12 | INFO] semh#1201 deleted a ticket (#ticket-6)
[05:33:18 | INFO] semh#1201 yeni bir bilet oluşturdu (#ticket-7) via panel
[05:33:34 | INFO] semh#1201, 'topic' komutunu kullandı
[05:33:48 | INFO] semh#1201, 'topic' komutunu kullandı
[05:33:59 | INFO] semh#1201, 'topic' komutunu kullandı
[05:34:10 | INFO] semh#1201, 'topic' komutunu kullandı
[05:34:16 | INFO] semh#1201, 'topic' komutunu kullandı
[05:34:20 | INFO] semh#1201, 'close' komutunu kullandı
[05:34:27 | INFO] semh#1201 ticket'ı kapattı (#ticket-7)
[05:34:57 | INFO] semh#1201, 'delete' komutunu kullandı
[05:34:59 | INFO] semh#1201 deleted a ticket (#ticket-7)
[05:35:08 | INFO] semh#1201, 'close' komutunu kullandı
[05:35:13 | INFO] semh#1201, 'close' komutunu kullandı
[05:35:26 | INFO] semh#1201 yeni bir bilet oluşturdu (#ticket-8) via panel
[05:35:41 | INFO] semh#1201, 'add' komutunu kullandı
[05:35:41 | INFO] semh#1201 bir bilete bir kullanıcı ekledi (#838967028110983168)
[05:35:53 | INFO] semh#1201, 'close' komutunu kullandı
[05:35:55 | INFO] semh#1201 ticket'ı kapattı (#ticket-8)
[05:35:55 | WARN] An error was not caught
[05:35:55 | WARN] Uncaught DiscordAPIError: Unknown Message
[05:35:55 | ERROR] DiscordAPIError: Unknown Message
    at RequestHandler.execute (C:\Users\semih\Desktop\bot-2\node_modules\discord.js\src\rest\RequestHandler.js:154:13)
    at processTicksAndRejections (internal/process/task_queues.js:93:5)
    at async RequestHandler.push (C:\Users\semih\Desktop\bot-2\node_modules\discord.js\src\rest\RequestHandler.js:39:14)

    
<-<-<================================================================================>->->
    File generated by leekslazylogger v2.0.7 by eartharoid (http://leeks.js.org/logger)
    Minona Roleplay | Log File
    Tuesday, 4th May 2021, 05:37 am (Europe/Istanbul) -->
    Node: v14.16.1 on 'Windows' | Time format: 'HH:mm:ss' | Date format: 'YYYY-MM-DD'
<-<-<================================================================================>->->


[05:37:03 | INFO] Using SQLite storage
[05:37:04 | INFO] > Loaded debug event
[05:37:04 | INFO] > Loaded error event
[05:37:04 | INFO] > Loaded message event
[05:37:04 | INFO] > Loaded messageDelete event
[05:37:04 | INFO] > Loaded messageReactionAdd event
[05:37:04 | INFO] > Loaded messageUpdate event
[05:37:04 | INFO] > Loaded rateLimit event
[05:37:04 | INFO] > Loaded ready event
[05:37:04 | INFO] > Loaded warn event
[05:37:04 | INFO] > Yüklendi -add komutu
[05:37:04 | INFO] > Yüklendi -close komutu
[05:37:04 | INFO] > Yüklendi -closeall komutu
[05:37:04 | INFO] > Yüklendi -delete komutu
[05:37:04 | INFO] > Yüklendi -help komutu
[05:37:04 | INFO] > Yüklendi -new komutu
[05:37:04 | INFO] > Yüklendi -panel komutu
[05:37:04 | INFO] > Yüklendi -remove komutu
[05:37:04 | INFO] > Yüklendi -rename komutu
[05:37:04 | INFO] > Yüklendi -stats komutu
[05:37:04 | INFO] > Yüklendi -tickets komutu
[05:37:04 | INFO] > Yüklendi -topic komutu
[05:37:04 | INFO] > Yüklendi -transcript komutu
[05:37:04 | INFO] > Yüklendi -transfer komutu
[05:37:04 | INFO] 9 olayları ve 14 komutları yüklendi
[05:37:04 | DEBUG] Provided token: ODM4NDAxNjM0ODkxMDcxNTI4.YI6kXg.***************************
[05:37:04 | DEBUG] Preparing to connect to the gateway...
[05:37:04 | DEBUG] Executing (default): CREATE TABLE IF NOT EXISTS `settings` (`id` INTEGER PRIMARY KEY AUTOINCREMENT, `key` VARCHAR(255), `value` VARCHAR(255), `createdAt` DATETIME NOT NULL, `updatedAt` DATETIME NOT NULL);
[05:37:04 | DEBUG] Executing (default): CREATE TABLE IF NOT EXISTS `tickets` (`id` INTEGER PRIMARY KEY AUTOINCREMENT, `channel` VARCHAR(255), `creator` VARCHAR(255), `open` TINYINT(1), `topic` TEXT, `createdAt` DATETIME NOT NULL, `updatedAt` DATETIME NOT NULL);
[05:37:04 | DEBUG] Executing (default): PRAGMA INDEX_LIST(`settings`)
[05:37:04 | DEBUG] Executing (default): PRAGMA INDEX_LIST(`tickets`)
[05:37:04 | DEBUG] [WS => Manager] Fetched Gateway Information
    URL: wss://gateway.discord.gg
    Recommended Shards: 1
[05:37:04 | DEBUG] [WS => Manager] Session Limit Information
    Total: 1000
    Remaining: 973
[05:37:04 | DEBUG] [WS => Manager] Spawning shards: 0
[05:37:04 | DEBUG] [WS => Shard 0] [CONNECT]
    Gateway    : wss://gateway.discord.gg/
    Version    : 6
    Encoding   : json
    Compression: none
[05:37:04 | DEBUG] [WS => Shard 0] Setting a HELLO timeout for 20s.
[05:37:05 | DEBUG] [WS => Shard 0] [CONNECTED] wss://gateway.discord.gg/?v=6ncoding=json in 308ms
[05:37:05 | DEBUG] [WS => Shard 0] Clearing the HELLO timeout.
[05:37:05 | DEBUG] [WS => Shard 0] Setting a heartbeat interval for 41250ms.
[05:37:05 | DEBUG] [WS => Shard 0] [IDENTIFY] Shard 0/1
[05:37:05 | DEBUG] [WS => Shard 0] [READY] Session e5f109f255ca0ed7affb42dd1a8c8f90.
[05:37:05 | DEBUG] [WS => Shard 0] [ReadyHeartbeat] Sending a heartbeat.
[05:37:05 | DEBUG] [WS => Shard 0] Shard received all its guilds. Marking as fully ready.
[05:37:05 | INFO] Minona Ticket#9103, ismi ile giriş yapıldı
[05:37:05 | DEBUG] Bot durumu değiştirildi: Minona Roleplay | -help PLAYING
[05:37:05 | INFO] 'ADMINISTRATOR' yetkisi bota verildi
[05:37:05 | DEBUG] [WS => Shard 0] Heartbeat acknowledged, latency of 158ms.
[05:37:07 | DEBUG] Executing (default): SELECT `id`, `key`, `value`, `createdAt`, `updatedAt` FROM `settings` AS `setting` WHERE `setting`.`key` = 'panel_msg_id' LIMIT 1;
[05:37:07 | DEBUG] Executing (default): SELECT count(*) AS `count` FROM `tickets` AS `ticket` WHERE `ticket`.`creator` = '835655027078201395' AND `ticket`.`open` = 1;
[05:37:07 | DEBUG] Executing (default): SELECT `id`, `channel`, `creator`, `open`, `topic`, `createdAt`, `updatedAt` FROM `tickets` AS `ticket` WHERE `ticket`.`creator` = '835655027078201395' AND `ticket`.`open` = 1 LIMIT 1;
[05:37:07 | DEBUG] Executing (default): INSERT INTO `tickets` (`id`,`channel`,`creator`,`open`,`topic`,`createdAt`,`updatedAt`) VALUES (NULL,$1,$2,$3,$4,$5,$6);
[05:37:07 | DEBUG] Executing (default): UPDATE `tickets` SET `channel`=$1,`updatedAt`=$2 WHERE `id` = $3
[05:37:07 | DEBUG] Executing (default): SELECT `id`, `channel`, `creator`, `open`, `topic`, `createdAt`, `updatedAt` FROM `tickets` AS `ticket` WHERE `ticket`.`channel` = '838967454062870570' LIMIT 1;
[05:37:07 | DEBUG] Executing (default): UPDATE `tickets` SET `updatedAt`=$1 WHERE `id` = $2
[05:37:08 | DEBUG] Executing (default): SELECT `id`, `channel`, `creator`, `open`, `topic`, `createdAt`, `updatedAt` FROM `tickets` AS `ticket` WHERE `ticket`.`channel` = '838967454062870570' LIMIT 1;
[05:37:08 | DEBUG] Executing (default): UPDATE `tickets` SET `updatedAt`=$1 WHERE `id` = $2
[05:37:08 | DEBUG] Executing (default): SELECT `id`, `channel`, `creator`, `open`, `topic`, `createdAt`, `updatedAt` FROM `tickets` AS `ticket` WHERE `ticket`.`channel` = '838967454062870570' LIMIT 1;
[05:37:08 | DEBUG] Executing (default): UPDATE `tickets` SET `updatedAt`=$1 WHERE `id` = $2
[05:37:08 | INFO] semh#1201 yeni bir bilet oluşturdu (#ticket-9) via panel
[05:37:08 | DEBUG] Executing (default): SELECT `id`, `channel`, `creator`, `open`, `topic`, `createdAt`, `updatedAt` FROM `tickets` AS `ticket` WHERE `ticket`.`channel` = '838953586716704798' LIMIT 1;
[05:37:46 | DEBUG] [WS => Shard 0] [HeartbeatTimer] Sending a heartbeat.
[05:37:46 | DEBUG] [WS => Shard 0] Heartbeat acknowledged, latency of 158ms.

    
<-<-<================================================================================>->->
    File generated by leekslazylogger v2.0.7 by eartharoid (http://leeks.js.org/logger)
    Minona Roleplay | Log File
    Tuesday, 4th May 2021, 05:38 am (Europe/Istanbul) -->
    Node: v14.16.1 on 'Windows' | Time format: 'HH:mm:ss' | Date format: 'YYYY-MM-DD'
<-<-<================================================================================>->->


[05:38:01 | INFO] Using SQLite storage
[05:38:01 | INFO] > Loaded debug event
[05:38:01 | INFO] > Loaded error event
[05:38:01 | INFO] > Loaded message event
[05:38:01 | INFO] > Loaded messageDelete event
[05:38:01 | INFO] > Loaded messageReactionAdd event
[05:38:01 | INFO] > Loaded messageUpdate event
[05:38:01 | INFO] > Loaded rateLimit event
[05:38:01 | INFO] > Loaded ready event
[05:38:01 | INFO] > Loaded warn event
[05:38:01 | INFO] > Yüklendi -add komutu
[05:38:01 | INFO] > Yüklendi -close komutu
[05:38:01 | INFO] > Yüklendi -closeall komutu
[05:38:01 | INFO] > Yüklendi -delete komutu
[05:38:01 | INFO] > Yüklendi -help komutu
[05:38:01 | INFO] > Yüklendi -new komutu
[05:38:01 | INFO] > Yüklendi -panel komutu
[05:38:01 | INFO] > Yüklendi -remove komutu
[05:38:01 | INFO] > Yüklendi -rename komutu
[05:38:01 | INFO] > Yüklendi -stats komutu
[05:38:01 | INFO] > Yüklendi -tickets komutu
[05:38:01 | INFO] > Yüklendi -topic komutu
[05:38:01 | INFO] > Yüklendi -transcript komutu
[05:38:01 | INFO] > Yüklendi -transfer komutu
[05:38:01 | INFO] 9 olayları ve 14 komutları yüklendi
[05:38:02 | INFO] Minona Ticket#9103, ismi ile giriş yapıldı
[05:38:02 | INFO] 'ADMINISTRATOR' yetkisi bota verildi
[05:38:06 | INFO] semh#1201, 'delete' komutunu kullandı
[05:38:12 | INFO] semh#1201, 'delete' komutunu kullandı
[05:38:13 | INFO] semh#1201 deleted a ticket (#ticket-9)
[05:38:14 | WARN] An error was not caught
[05:38:14 | WARN] Uncaught DiscordAPIError: Unknown Message
[05:38:14 | ERROR] DiscordAPIError: Unknown Message
    at RequestHandler.execute (C:\Users\semih\Desktop\bot-2\node_modules\discord.js\src\rest\RequestHandler.js:154:13)
    at processTicksAndRejections (internal/process/task_queues.js:93:5)
    at async RequestHandler.push (C:\Users\semih\Desktop\bot-2\node_modules\discord.js\src\rest\RequestHandler.js:39:14)

    
<-<-<================================================================================>->->
    File generated by leekslazylogger v2.0.7 by eartharoid (http://leeks.js.org/logger)
    Minona Roleplay | Log File
    Tuesday, 4th May 2021, 05:38 am (Europe/Istanbul) -->
    Node: v14.16.1 on 'Windows' | Time format: 'HH:mm:ss' | Date format: 'YYYY-MM-DD'
<-<-<================================================================================>->->


[05:38:58 | INFO] Using SQLite storage
[05:38:58 | INFO] > Loaded debug event
[05:38:58 | INFO] > Loaded error event
[05:38:58 | INFO] > Loaded message event
[05:38:58 | INFO] > Loaded messageDelete event
[05:38:58 | INFO] > Loaded messageReactionAdd event
[05:38:58 | INFO] > Loaded messageUpdate event
[05:38:58 | INFO] > Loaded rateLimit event
[05:38:58 | INFO] > Loaded ready event
[05:38:58 | INFO] > Loaded warn event
[05:38:58 | INFO] > Yüklendi -add komutu
[05:38:58 | INFO] > Yüklendi -close komutu
[05:38:58 | INFO] > Yüklendi -closeall komutu
[05:38:58 | INFO] > Yüklendi -delete komutu
[05:38:58 | INFO] > Yüklendi -help komutu
[05:38:58 | INFO] > Yüklendi -new komutu
[05:38:58 | INFO] > Yüklendi -panel komutu
[05:38:58 | INFO] > Yüklendi -remove komutu
[05:38:58 | INFO] > Yüklendi -rename komutu
[05:38:58 | INFO] > Yüklendi -stats komutu
[05:38:58 | INFO] > Yüklendi -tickets komutu
[05:38:58 | INFO] > Yüklendi -topic komutu
[05:38:58 | INFO] > Yüklendi -transcript komutu
[05:38:58 | INFO] > Yüklendi -transfer komutu
[05:38:58 | INFO] 9 olayları ve 14 komutları yüklendi
[05:38:59 | INFO] Minona Ticket#9103, ismi ile giriş yapıldı
[05:38:59 | INFO] 'ADMINISTRATOR' yetkisi bota verildi
[05:39:05 | INFO] semh#1201, 'new' komutunu kullandı
[05:39:07 | INFO] semh#1201, bekleme süresi bitmeden 'new' komutunu kullanmaya çalıştı
[05:39:12 | INFO] semh#1201, 'new' komutunu kullandı
[05:39:12 | INFO] semh#1201, bekleme süresi bitmeden 'new' komutunu kullanmaya çalıştı
[05:39:12 | INFO] semh#1201, bekleme süresi bitmeden 'new' komutunu kullanmaya çalıştı
[05:39:13 | INFO] semh#1201, bekleme süresi bitmeden 'new' komutunu kullanmaya çalıştı

    
<-<-<================================================================================>->->
    File generated by leekslazylogger v2.0.7 by eartharoid (http://leeks.js.org/logger)
    Minona Roleplay | Log File
    Tuesday, 4th May 2021, 05:39 am (Europe/Istanbul) -->
    Node: v14.16.1 on 'Windows' | Time format: 'HH:mm:ss' | Date format: 'YYYY-MM-DD'
<-<-<================================================================================>->->


[05:39:42 | INFO] Using SQLite storage
[05:39:42 | INFO] > Loaded debug event
[05:39:42 | INFO] > Loaded error event
[05:39:42 | INFO] > Loaded message event
[05:39:42 | INFO] > Loaded messageDelete event
[05:39:42 | INFO] > Loaded messageReactionAdd event
[05:39:42 | INFO] > Loaded messageUpdate event
[05:39:42 | INFO] > Loaded rateLimit event
[05:39:42 | INFO] > Loaded ready event
[05:39:42 | INFO] > Loaded warn event
[05:39:42 | INFO] > Yüklendi -add komutu
[05:39:42 | INFO] > Yüklendi -close komutu
[05:39:42 | INFO] > Yüklendi -closeall komutu
[05:39:42 | INFO] > Yüklendi -delete komutu
[05:39:42 | INFO] > Yüklendi -help komutu
[05:39:42 | INFO] > Yüklendi -new komutu
[05:39:42 | INFO] > Yüklendi -panel komutu
[05:39:42 | INFO] > Yüklendi -remove komutu
[05:39:42 | INFO] > Yüklendi -rename komutu
[05:39:42 | INFO] > Yüklendi -stats komutu
[05:39:42 | INFO] > Yüklendi -tickets komutu
[05:39:42 | INFO] > Yüklendi -topic komutu
[05:39:42 | INFO] > Yüklendi -transcript komutu
[05:39:42 | INFO] > Yüklendi -transfer komutu
[05:39:42 | INFO] 9 olayları ve 14 komutları yüklendi
[05:39:43 | INFO] Minona Ticket#9103, ismi ile giriş yapıldı
[05:39:43 | INFO] 'ADMINISTRATOR' yetkisi bota verildi
[05:39:47 | INFO] semh#1201 yeni bir bilet oluşturdu (#ticket-10) via panel
[05:39:52 | INFO] semh#1201, 'close' komutunu kullandı
[05:39:54 | INFO] semh#1201 ticket'ı kapattı (#ticket-10)

    
<-<-<================================================================================>->->
    File generated by leekslazylogger v2.0.7 by eartharoid (http://leeks.js.org/logger)
    Minona Roleplay | Log File
    Tuesday, 4th May 2021, 05:44 am (Europe/Istanbul) -->
    Node: v14.16.1 on 'Windows' | Time format: 'HH:mm:ss' | Date format: 'YYYY-MM-DD'
<-<-<================================================================================>->->


[05:44:10 | INFO] Using SQLite storage
[05:44:10 | INFO] > Loaded debug event
[05:44:10 | INFO] > Loaded error event
[05:44:10 | INFO] > Loaded message event
[05:44:10 | INFO] > Loaded messageDelete event
[05:44:10 | INFO] > Loaded messageReactionAdd event
[05:44:10 | INFO] > Loaded messageUpdate event
[05:44:10 | INFO] > Loaded rateLimit event
[05:44:10 | INFO] > Loaded ready event
[05:44:10 | INFO] > Loaded warn event
[05:44:10 | INFO] > Yüklendi -add komutu
[05:44:10 | INFO] > Yüklendi -close komutu
[05:44:10 | INFO] > Yüklendi -closeall komutu
[05:44:10 | INFO] > Yüklendi -delete komutu
[05:44:10 | INFO] > Yüklendi -help komutu
[05:44:10 | INFO] > Yüklendi -new komutu
[05:44:10 | INFO] > Yüklendi -panel komutu
[05:44:10 | INFO] > Yüklendi -remove komutu
[05:44:10 | INFO] > Yüklendi -rename komutu
[05:44:10 | INFO] > Yüklendi -stats komutu
[05:44:10 | INFO] > Yüklendi -tickets komutu
[05:44:10 | INFO] > Yüklendi -topic komutu
[05:44:10 | INFO] > Yüklendi -transcript komutu
[05:44:10 | INFO] > Yüklendi -transfer komutu
[05:44:10 | INFO] 9 olayları ve 14 komutları yüklendi
[05:44:11 | INFO] Minona Ticket#9103, ismi ile giriş yapıldı
[05:44:11 | INFO] 'ADMINISTRATOR' yetkisi bota verildi
[05:44:13 | INFO] semh#1201 yeni bir bilet oluşturdu (#ticket-11) via panel
[05:44:18 | INFO] semh#1201, 'close' komutunu kullandı
[05:44:20 | INFO] semh#1201 ticket'ı kapattı (#ticket-11)

    
<-<-<================================================================================>->->
    File generated by leekslazylogger v2.0.7 by eartharoid (http://leeks.js.org/logger)
    Minona Roleplay | Log File
    Tuesday, 4th May 2021, 17:03 pm (Europe/Istanbul) -->
    Node: v14.16.1 on 'Windows' | Time format: 'HH:mm:ss' | Date format: 'YYYY-MM-DD'
<-<-<================================================================================>->->


[17:03:23 | INFO] Using SQLite storage
[17:03:23 | INFO] > Loaded debug event
[17:03:23 | INFO] > Loaded error event
[17:03:23 | INFO] > Loaded message event
[17:03:23 | INFO] > Loaded messageDelete event
[17:03:23 | INFO] > Loaded messageReactionAdd event
[17:03:23 | INFO] > Loaded messageUpdate event
[17:03:23 | INFO] > Loaded rateLimit event
[17:03:23 | INFO] > Loaded ready event
[17:03:23 | INFO] > Loaded warn event
[17:03:23 | INFO] > Yüklendi -add komutu
[17:03:23 | INFO] > Yüklendi -close komutu
[17:03:23 | INFO] > Yüklendi -closeall komutu
[17:03:23 | INFO] > Yüklendi -delete komutu
[17:03:23 | INFO] > Yüklendi -help komutu
[17:03:23 | INFO] > Yüklendi -new komutu
[17:03:23 | INFO] > Yüklendi -panel komutu
[17:03:23 | INFO] > Yüklendi -remove komutu
[17:03:23 | INFO] > Yüklendi -rename komutu
[17:03:23 | INFO] > Yüklendi -stats komutu
[17:03:23 | INFO] > Yüklendi -tickets komutu
[17:03:23 | INFO] > Yüklendi -topic komutu
[17:03:23 | INFO] > Yüklendi -transcript komutu
[17:03:23 | INFO] > Yüklendi -transfer komutu
[17:03:23 | INFO] 9 olayları ve 14 komutları yüklendi
[17:03:25 | INFO] Minona Ticket#9103, ismi ile giriş yapıldı
[17:03:25 | INFO] 'ADMINISTRATOR' yetkisi bota verildi

    
<-<-<================================================================================>->->
    File generated by leekslazylogger v2.0.7 by eartharoid (http://leeks.js.org/logger)
    Minona Roleplay | Log File
    Tuesday, 4th May 2021, 17:05 pm (Europe/Istanbul) -->
    Node: v14.16.1 on 'Windows' | Time format: 'HH:mm:ss' | Date format: 'YYYY-MM-DD'
<-<-<================================================================================>->->


[17:05:14 | INFO] Using SQLite storage
[17:05:14 | INFO] > Loaded debug event
[17:05:14 | INFO] > Loaded error event
[17:05:14 | INFO] > Loaded message event
[17:05:14 | INFO] > Loaded messageDelete event
[17:05:14 | INFO] > Loaded messageReactionAdd event
[17:05:14 | INFO] > Loaded messageUpdate event
[17:05:14 | INFO] > Loaded rateLimit event
[17:05:14 | INFO] > Loaded ready event
[17:05:14 | INFO] > Loaded warn event
[17:05:14 | INFO] > Yüklendi -add komutu
[17:05:14 | INFO] > Yüklendi -close komutu
[17:05:15 | INFO] > Yüklendi -closeall komutu
[17:05:15 | INFO] > Yüklendi -delete komutu
[17:05:15 | INFO] > Yüklendi -help komutu
[17:05:15 | INFO] > Yüklendi -new komutu
[17:05:15 | INFO] > Yüklendi -panel komutu
[17:05:15 | INFO] > Yüklendi -remove komutu
[17:05:15 | INFO] > Yüklendi -rename komutu
[17:05:15 | INFO] > Yüklendi -stats komutu
[17:05:15 | INFO] > Yüklendi -tickets komutu
[17:05:15 | INFO] > Yüklendi -topic komutu
[17:05:15 | INFO] > Yüklendi -transcript komutu
[17:05:15 | INFO] > Yüklendi -transfer komutu
[17:05:15 | INFO] 9 olayları ve 14 komutları yüklendi
[17:05:16 | INFO] Minona Ticket#9103, ismi ile giriş yapıldı
[17:05:16 | INFO] 'ADMINISTRATOR' yetkisi bota verildi
[17:05:26 | INFO] semh#1201, 'stats' komutunu kullandı
[17:05:45 | INFO] semh#1201 yeni bir bilet oluşturdu (#ticket-12) via panel
[17:06:04 | INFO] semh#1201, 'delete' komutunu kullandı
[17:06:10 | INFO] semh#1201 bir ticket sildi (#ticket-12)

    
<-<-<================================================================================>->->
    File generated by leekslazylogger v2.0.7 by eartharoid (http://leeks.js.org/logger)
    Minona Roleplay | Log File
    Tuesday, 4th May 2021, 17:09 pm (Europe/Istanbul) -->
    Node: v14.16.1 on 'Windows' | Time format: 'HH:mm:ss' | Date format: 'YYYY-MM-DD'
<-<-<================================================================================>->->


[17:09:55 | INFO] Using SQLite storage
[17:09:55 | INFO] > Loaded debug event
[17:09:55 | INFO] > Loaded error event
[17:09:55 | INFO] > Loaded message event
[17:09:55 | INFO] > Loaded messageDelete event
[17:09:55 | INFO] > Loaded messageReactionAdd event
[17:09:55 | INFO] > Loaded messageUpdate event
[17:09:55 | INFO] > Loaded rateLimit event
[17:09:55 | INFO] > Loaded ready event
[17:09:55 | INFO] > Loaded warn event
[17:09:55 | INFO] > Yüklendi -add komutu
[17:09:55 | INFO] > Yüklendi -close komutu
[17:09:55 | INFO] > Yüklendi -closeall komutu
[17:09:55 | INFO] > Yüklendi -delete komutu
[17:09:55 | INFO] > Yüklendi -help komutu
[17:09:55 | INFO] > Yüklendi -new komutu
[17:09:55 | INFO] > Yüklendi -panel komutu
[17:09:55 | INFO] > Yüklendi -remove komutu
[17:09:55 | INFO] > Yüklendi -rename komutu
[17:09:55 | INFO] > Yüklendi -stats komutu
[17:09:55 | INFO] > Yüklendi -tickets komutu
[17:09:55 | INFO] > Yüklendi -topic komutu
[17:09:55 | INFO] > Yüklendi -transcript komutu
[17:09:55 | INFO] > Yüklendi -transfer komutu
[17:09:55 | INFO] 9 olayları ve 14 komutları yüklendi
[17:09:57 | INFO] Minona Ticket#9103, ismi ile giriş yapıldı
[17:09:57 | INFO] 'ADMINISTRATOR' yetkisi bota verildi

    
<-<-<================================================================================>->->
    File generated by leekslazylogger v2.0.7 by eartharoid (http://leeks.js.org/logger)
    Minona Roleplay | Log File
    Tuesday, 4th May 2021, 17:32 pm (Europe/Istanbul) -->
    Node: v14.16.1 on 'Windows' | Time format: 'HH:mm:ss' | Date format: 'YYYY-MM-DD'
<-<-<================================================================================>->->


[17:32:10 | INFO] Using SQLite storage
[17:32:11 | INFO] > Loaded debug event
[17:32:11 | INFO] > Loaded error event
[17:32:11 | INFO] > Loaded message event
[17:32:11 | INFO] > Loaded messageDelete event
[17:32:11 | INFO] > Loaded messageReactionAdd event
[17:32:11 | INFO] > Loaded messageUpdate event
[17:32:11 | INFO] > Loaded rateLimit event
[17:32:11 | INFO] > Loaded ready event
[17:32:11 | INFO] > Loaded warn event
[17:32:11 | INFO] > Yüklendi -add komutu
[17:32:11 | INFO] > Yüklendi -close komutu
[17:32:11 | INFO] > Yüklendi -closeall komutu
[17:32:11 | INFO] > Yüklendi -delete komutu
[17:32:11 | INFO] > Yüklendi -help komutu
[17:32:11 | INFO] > Yüklendi -new komutu
[17:32:11 | INFO] > Yüklendi -panel komutu
[17:32:11 | INFO] > Yüklendi -remove komutu
[17:32:11 | INFO] > Yüklendi -rename komutu
[17:32:11 | INFO] > Yüklendi -stats komutu
[17:32:11 | INFO] > Yüklendi -tickets komutu
[17:32:11 | INFO] > Yüklendi -topic komutu
[17:32:11 | INFO] > Yüklendi -transcript komutu
[17:32:11 | INFO] > Yüklendi -transfer komutu
[17:32:11 | INFO] 9 olayları ve 14 komutları yüklendi
[17:32:12 | INFO] Minona Ticket#9103, ismi ile giriş yapıldı
[17:32:12 | INFO] 'ADMINISTRATOR' yetkisi bota verildi
[17:32:37 | INFO] semh#1201 yeni bir bilet oluşturdu (#ticket-13) via panel
[17:32:45 | INFO] semh#1201, 'delete' komutunu kullandı
[17:32:47 | INFO] semh#1201 bir ticket sildi (#ticket-13)

    
<-<-<================================================================================>->->
    File generated by leekslazylogger v2.0.7 by eartharoid (http://leeks.js.org/logger)
    Minona Roleplay | Log File
    Tuesday, 4th May 2021, 17:50 pm (Europe/Istanbul) -->
    Node: v14.16.1 on 'Windows' | Time format: 'HH:mm:ss' | Date format: 'YYYY-MM-DD'
<-<-<================================================================================>->->


[17:50:42 | INFO] Using SQLite storage
[17:50:42 | INFO] > Loaded debug event
[17:50:42 | INFO] > Loaded error event
[17:50:42 | INFO] > Loaded message event
[17:50:42 | INFO] > Loaded messageDelete event
[17:50:42 | INFO] > Loaded messageReactionAdd event
[17:50:42 | INFO] > Loaded messageUpdate event
[17:50:42 | INFO] > Loaded rateLimit event
[17:50:42 | INFO] > Loaded ready event
[17:50:42 | INFO] > Loaded warn event
[17:50:42 | INFO] > Yüklendi -add komutu
[17:50:42 | INFO] > Yüklendi -close komutu
[17:50:42 | INFO] > Yüklendi -closeall komutu
[17:50:42 | INFO] > Yüklendi -delete komutu
[17:50:42 | INFO] > Yüklendi -help komutu
[17:50:42 | INFO] > Yüklendi -new komutu
[17:50:42 | INFO] > Yüklendi -panel komutu
[17:50:42 | INFO] > Yüklendi -remove komutu
[17:50:42 | INFO] > Yüklendi -rename komutu
[17:50:42 | INFO] > Yüklendi -stats komutu
[17:50:42 | INFO] > Yüklendi -tickets komutu
[17:50:42 | INFO] > Yüklendi -topic komutu
[17:50:42 | INFO] > Yüklendi -transcript komutu
[17:50:42 | INFO] > Yüklendi -transfer komutu
[17:50:42 | INFO] 9 olayları ve 14 komutları yüklendi
[17:50:44 | INFO] Minona Ticket#9103, ismi ile giriş yapıldı
[17:50:44 | INFO] 'ADMINISTRATOR' yetkisi bota verildi
[17:51:06 | INFO] semh#1201 yeni bir bilet oluşturdu (#ticket-14) via panel
[17:51:13 | INFO] semh#1201, 'delete' komutunu kullandı
[17:51:15 | INFO] semh#1201 bir ticket sildi (#ticket-14)
[17:51:16 | WARN] An error was not caught
[17:51:16 | WARN] Uncaught DiscordAPIError: Unknown Message
[17:51:16 | ERROR] DiscordAPIError: Unknown Message
    at RequestHandler.execute (C:\Users\semih\Desktop\bot-2\node_modules\discord.js\src\rest\RequestHandler.js:154:13)
    at processTicksAndRejections (internal/process/task_queues.js:93:5)
    at async RequestHandler.push (C:\Users\semih\Desktop\bot-2\node_modules\discord.js\src\rest\RequestHandler.js:39:14)

    
<-<-<================================================================================>->->
    File generated by leekslazylogger v2.0.7 by eartharoid (http://leeks.js.org/logger)
    Minona Roleplay | Log File
    Tuesday, 4th May 2021, 17:54 pm (Europe/Istanbul) -->
    Node: v14.16.1 on 'Windows' | Time format: 'HH:mm:ss' | Date format: 'YYYY-MM-DD'
<-<-<================================================================================>->->


[17:54:42 | INFO] Using SQLite storage
[17:54:42 | INFO] > Loaded debug event
[17:54:42 | INFO] > Loaded error event
[17:54:42 | INFO] > Loaded message event
[17:54:42 | INFO] > Loaded messageDelete event
[17:54:42 | INFO] > Loaded messageReactionAdd event
[17:54:42 | INFO] > Loaded messageUpdate event
[17:54:42 | INFO] > Loaded rateLimit event
[17:54:42 | INFO] > Loaded ready event
[17:54:42 | INFO] > Loaded warn event
[17:54:42 | INFO] > Yüklendi -add komutu
[17:54:42 | INFO] > Yüklendi -close komutu
[17:54:42 | INFO] > Yüklendi -closeall komutu
[17:54:42 | INFO] > Yüklendi -delete komutu
[17:54:42 | INFO] > Yüklendi -help komutu
[17:54:42 | INFO] > Yüklendi -new komutu
[17:54:42 | INFO] > Yüklendi -panel komutu
[17:54:42 | INFO] > Yüklendi -remove komutu
[17:54:42 | INFO] > Yüklendi -rename komutu
[17:54:42 | INFO] > Yüklendi -stats komutu
[17:54:42 | INFO] > Yüklendi -tickets komutu
[17:54:42 | INFO] > Yüklendi -topic komutu
[17:54:42 | INFO] > Yüklendi -transcript komutu
[17:54:42 | INFO] > Yüklendi -transfer komutu
[17:54:42 | INFO] 9 olayları ve 14 komutları yüklendi
[17:54:43 | INFO] Minona Ticket#9103, ismi ile giriş yapıldı
[17:54:43 | INFO] 'ADMINISTRATOR' yetkisi bota verildi
[17:55:10 | INFO] semh#1201 yeni bir bilet oluşturdu (#ticket-15) via panel
[17:55:27 | INFO] semh#1201, 'delete' komutunu kullandı
[17:55:31 | INFO] semh#1201 bir ticket sildi (#ticket-15)
[17:55:32 | WARN] An error was not caught
[17:55:32 | WARN] Uncaught DiscordAPIError: Unknown Channel
[17:55:32 | ERROR] DiscordAPIError: Unknown Channel
    at RequestHandler.execute (C:\Users\semih\Desktop\bot-2\node_modules\discord.js\src\rest\RequestHandler.js:154:13)
    at processTicksAndRejections (internal/process/task_queues.js:93:5)
    at async RequestHandler.push (C:\Users\semih\Desktop\bot-2\node_modules\discord.js\src\rest\RequestHandler.js:39:14)

    
<-<-<================================================================================>->->
    File generated by leekslazylogger v2.0.7 by eartharoid (http://leeks.js.org/logger)
    Minona Roleplay | Log File
    Tuesday, 4th May 2021, 18:08 pm (Europe/Istanbul) -->
    Node: v14.16.1 on 'Windows' | Time format: 'HH:mm:ss' | Date format: 'YYYY-MM-DD'
<-<-<================================================================================>->->


[18:08:27 | INFO] Using SQLite storage
[18:08:28 | INFO] > Yüklendi debug olay
[18:08:28 | INFO] > Yüklendi error olay
[18:08:28 | INFO] > Yüklendi message olay
[18:08:28 | INFO] > Yüklendi messageDelete olay
[18:08:28 | INFO] > Yüklendi messageReactionAdd olay
[18:08:28 | INFO] > Yüklendi messageUpdate olay
[18:08:28 | INFO] > Yüklendi rateLimit olay
[18:08:28 | INFO] > Yüklendi ready olay
[18:08:28 | INFO] > Yüklendi warn olay
[18:08:28 | INFO] > Yüklendi -add komutu
[18:08:28 | INFO] > Yüklendi -close komutu
[18:08:28 | INFO] > Yüklendi -closeall komutu
[18:08:28 | INFO] > Yüklendi -delete komutu
[18:08:28 | INFO] > Yüklendi -help komutu
[18:08:28 | INFO] > Yüklendi -new komutu
[18:08:28 | INFO] > Yüklendi -panel komutu
[18:08:28 | INFO] > Yüklendi -remove komutu
[18:08:28 | INFO] > Yüklendi -rename komutu
[18:08:28 | INFO] > Yüklendi -stats komutu
[18:08:28 | INFO] > Yüklendi -tickets komutu
[18:08:28 | INFO] > Yüklendi -topic komutu
[18:08:28 | INFO] > Yüklendi -transcript komutu
[18:08:28 | INFO] > Yüklendi -transfer komutu
[18:08:28 | INFO] 9 olayları ve 14 komutları yüklendi
[18:08:29 | INFO] Minona Ticket#9103, ismi ile giriş yapıldı
[18:08:29 | INFO] 'ADMINISTRATOR' yetkisi bota verildi
[18:08:35 | INFO] semh#1201, 'tickets' komutunu kullandı

    
<-<-<================================================================================>->->
    File generated by leekslazylogger v2.0.7 by eartharoid (http://leeks.js.org/logger)
    Minona Roleplay | Log File
    Tuesday, 4th May 2021, 18:12 pm (Europe/Istanbul) -->
    Node: v14.16.1 on 'Windows' | Time format: 'HH:mm:ss' | Date format: 'YYYY-MM-DD'
<-<-<================================================================================>->->


[18:12:04 | INFO] Using SQLite storage
[18:12:04 | INFO] > Yüklendi debug olay
[18:12:04 | INFO] > Yüklendi error olay
[18:12:04 | INFO] > Yüklendi message olay
[18:12:04 | INFO] > Yüklendi messageDelete olay
[18:12:04 | INFO] > Yüklendi messageReactionAdd olay
[18:12:04 | INFO] > Yüklendi messageUpdate olay
[18:12:04 | INFO] > Yüklendi rateLimit olay
[18:12:04 | INFO] > Yüklendi ready olay
[18:12:04 | INFO] > Yüklendi warn olay
[18:12:04 | INFO] > Yüklendi -add komutu
[18:12:04 | INFO] > Yüklendi -close komutu
[18:12:04 | INFO] > Yüklendi -closeall komutu
[18:12:04 | INFO] > Yüklendi -delete komutu
[18:12:04 | INFO] > Yüklendi -help komutu
[18:12:04 | INFO] > Yüklendi -new komutu
[18:12:04 | INFO] > Yüklendi -panel komutu
[18:12:04 | INFO] > Yüklendi -remove komutu
[18:12:04 | INFO] > Yüklendi -rename komutu
[18:12:04 | INFO] > Yüklendi -stats komutu
[18:12:04 | INFO] > Yüklendi -tickets komutu
[18:12:04 | INFO] > Yüklendi -topic komutu
[18:12:04 | INFO] > Yüklendi -transcript komutu
[18:12:04 | INFO] > Yüklendi -transfer komutu
[18:12:04 | INFO] 9 olayları ve 14 komutları yüklendi
[18:12:05 | INFO] Minona Ticket#9103, ismi ile giriş yapıldı
[18:12:05 | INFO] 'ADMINISTRATOR' yetkisi bota verildi
[18:12:10 | INFO] Adlı kişiden bir DM alındı semh#1201: -tickets
[18:12:19 | INFO] semh#1201, 'tickets' komutunu kullandı

    
<-<-<================================================================================>->->
    File generated by leekslazylogger v2.0.7 by eartharoid (http://leeks.js.org/logger)
    Minona Roleplay | Log File
    Tuesday, 4th May 2021, 18:17 pm (Europe/Istanbul) -->
    Node: v14.16.1 on 'Windows' | Time format: 'HH:mm:ss' | Date format: 'YYYY-MM-DD'
<-<-<================================================================================>->->


[18:17:28 | INFO] Using SQLite storage
[18:17:28 | INFO] > Yüklendi debug olay
[18:17:28 | INFO] > Yüklendi error olay
[18:17:28 | INFO] > Yüklendi message olay
[18:17:28 | INFO] > Yüklendi messageDelete olay
[18:17:28 | INFO] > Yüklendi messageReactionAdd olay
[18:17:28 | INFO] > Yüklendi messageUpdate olay
[18:17:28 | INFO] > Yüklendi rateLimit olay
[18:17:28 | INFO] > Yüklendi ready olay
[18:17:28 | INFO] > Yüklendi warn olay
[18:17:28 | INFO] > Yüklendi -add komutu
[18:17:28 | INFO] > Yüklendi -close komutu
[18:17:28 | INFO] > Yüklendi -closeall komutu
[18:17:28 | INFO] > Yüklendi -delete komutu
[18:17:28 | INFO] > Yüklendi -help komutu
[18:17:28 | INFO] > Yüklendi -new komutu
[18:17:28 | INFO] > Yüklendi -panel komutu
[18:17:28 | INFO] > Yüklendi -remove komutu
[18:17:28 | INFO] > Yüklendi -rename komutu
[18:17:28 | INFO] > Yüklendi -stats komutu
[18:17:28 | INFO] > Yüklendi -tickets komutu
[18:17:28 | INFO] > Yüklendi -topic komutu
[18:17:28 | INFO] > Yüklendi -transcript komutu
[18:17:28 | INFO] > Yüklendi -transfer komutu
[18:17:28 | INFO] 9 olayları ve 14 komutları yüklendi
[18:17:29 | INFO] Minona Ticket#9103, ismi ile giriş yapıldı
[18:17:29 | INFO] 'ADMINISTRATOR' yetkisi bota verildi
[18:17:35 | INFO] semh#1201, 'help' komutunu kullandı
[18:17:55 | INFO] semh#1201, 'help' komutunu kullandı
[18:18:07 | INFO] semh#1201, 'transcript' komutunu kullandı

    
<-<-<================================================================================>->->
    File generated by leekslazylogger v2.0.7 by eartharoid (http://leeks.js.org/logger)
    Minona Roleplay | Log File
    Tuesday, 4th May 2021, 18:19 pm (Europe/Istanbul) -->
    Node: v14.16.1 on 'Windows' | Time format: 'HH:mm:ss' | Date format: 'YYYY-MM-DD'
<-<-<================================================================================>->->


[18:19:49 | INFO] Using SQLite storage
[18:19:49 | INFO] > Yüklendi debug olay
[18:19:49 | INFO] > Yüklendi error olay
[18:19:49 | INFO] > Yüklendi message olay
[18:19:49 | INFO] > Yüklendi messageDelete olay
[18:19:49 | INFO] > Yüklendi messageReactionAdd olay
[18:19:49 | INFO] > Yüklendi messageUpdate olay
[18:19:49 | INFO] > Yüklendi rateLimit olay
[18:19:49 | INFO] > Yüklendi ready olay
[18:19:49 | INFO] > Yüklendi warn olay
[18:19:49 | INFO] > Yüklendi -add komutu
[18:19:49 | INFO] > Yüklendi -close komutu
[18:19:49 | INFO] > Yüklendi -closeall komutu
[18:19:49 | INFO] > Yüklendi -delete komutu
[18:19:49 | INFO] > Yüklendi -help komutu
[18:19:49 | INFO] > Yüklendi -new komutu
[18:19:49 | INFO] > Yüklendi -panel komutu
[18:19:49 | INFO] > Yüklendi -remove komutu
[18:19:49 | INFO] > Yüklendi -rename komutu
[18:19:49 | INFO] > Yüklendi -stats komutu
[18:19:49 | INFO] > Yüklendi -tickets komutu
[18:19:49 | INFO] > Yüklendi -topic komutu
[18:19:49 | INFO] > Yüklendi -transcript komutu
[18:19:49 | INFO] > Yüklendi -transfer komutu
[18:19:49 | INFO] 9 olayları ve 14 komutları yüklendi
[18:19:50 | INFO] Minona Ticket#9103, ismi ile giriş yapıldı
[18:19:50 | INFO] 'ADMINISTRATOR' yetkisi bota verildi
[18:19:53 | INFO] semh#1201, 'help' komutunu kullandı
[18:20:38 | INFO] semh#1201, 'rename' komutunu kullandı
[18:20:47 | INFO] semh#1201 yeni bir bilet oluşturdu (#ticket-16) via panel
[18:21:10 | INFO] semh#1201, 'close' komutunu kullandı
[18:21:13 | INFO] semh#1201 ticket'ı kapattı (#ticket-16)
[18:21:44 | INFO] semh#1201, 'delete' komutunu kullandı

    
<-<-<================================================================================>->->
    File generated by leekslazylogger v2.0.7 by eartharoid (http://leeks.js.org/logger)
    Minona Roleplay | Log File
    Tuesday, 4th May 2021, 18:23 pm (Europe/Istanbul) -->
    Node: v14.16.1 on 'Windows' | Time format: 'HH:mm:ss' | Date format: 'YYYY-MM-DD'
<-<-<================================================================================>->->


[18:23:06 | INFO] Using SQLite storage
[18:23:06 | INFO] > Yüklendi debug olay
[18:23:06 | INFO] > Yüklendi error olay
[18:23:06 | INFO] > Yüklendi message olay
[18:23:06 | INFO] > Yüklendi messageDelete olay
[18:23:06 | INFO] > Yüklendi messageReactionAdd olay
[18:23:06 | INFO] > Yüklendi messageUpdate olay
[18:23:06 | INFO] > Yüklendi rateLimit olay
[18:23:06 | INFO] > Yüklendi ready olay
[18:23:06 | INFO] > Yüklendi warn olay
[18:23:06 | INFO] > Yüklendi -add komutu
[18:23:06 | INFO] > Yüklendi -close komutu
[18:23:06 | INFO] > Yüklendi -closeall komutu
[18:23:06 | INFO] > Yüklendi -help komutu
[18:23:06 | INFO] > Yüklendi -new komutu
[18:23:06 | INFO] > Yüklendi -panel komutu
[18:23:06 | INFO] > Yüklendi -remove komutu
[18:23:06 | INFO] > Yüklendi -rename komutu
[18:23:06 | INFO] > Yüklendi -stats komutu
[18:23:06 | INFO] > Yüklendi -tickets komutu
[18:23:06 | INFO] > Yüklendi -topic komutu
[18:23:06 | INFO] > Yüklendi -transcript komutu
[18:23:06 | INFO] > Yüklendi -transfer komutu
[18:23:06 | INFO] 9 olayları ve 13 komutları yüklendi
[18:23:07 | INFO] Minona Ticket#9103, ismi ile giriş yapıldı
[18:23:07 | INFO] 'ADMINISTRATOR' yetkisi bota verildi
[18:23:10 | INFO] semh#1201, 'help' komutunu kullandı
